{
  "RSpec": {
    "coverage": {
      "/home/amura/Downloads/my_app-master/config/environment.rb": [
        null,
        1,
        null,
        null,
        1
      ],
      "/home/amura/Downloads/my_app-master/config/application.rb": [
        1,
        null,
        1,
        null,
        null,
        null,
        1,
        null,
        1,
        1,
        null,
        null,
        null,
        null,
        null,
        null,
        null,
        null,
        null,
        null,
        null,
        null,
        null,
        1,
        null,
        null
      ],
      "/home/amura/Downloads/my_app-master/config/boot.rb": [
        1,
        null,
        1
      ],
      "/home/amura/Downloads/my_app-master/config/environments/test.rb": [
        1,
        null,
        null,
        null,
        null,
        null,
        null,
        1,
        null,
        null,
        null,
        null,
        1,
        null,
        null,
        1,
        1,
        null,
        null,
        1,
        1,
        null,
        null,
        1,
        null,
        null,
        1,
        null,
        null,
        null,
        null,
        1,
        null,
        null,
        1,
        null,
        null,
        1,
        null,
        null,
        null,
        null
      ],
      "/home/amura/Downloads/my_app-master/config/initializers/assets.rb": [
        null,
        null,
        null,
        1,
        null,
        null,
        null,
        null,
        null,
        null,
        null
      ],
      "/home/amura/Downloads/my_app-master/config/initializers/backtrace_silencers.rb": [
        null,
        null,
        null,
        null,
        null,
        null,
        null
      ],
      "/home/amura/Downloads/my_app-master/config/initializers/cookies_serializer.rb": [
        null,
        null,
        1
      ],
      "/home/amura/Downloads/my_app-master/config/initializers/filter_parameter_logging.rb": [
        null,
        null,
        null,
        1
      ],
      "/home/amura/Downloads/my_app-master/config/initializers/inflections.rb": [
        null,
        null,
        null,
        null,
        null,
        null,
        null,
        null,
        null,
        null,
        null,
        null,
        null,
        null,
        null,
        null
      ],
      "/home/amura/Downloads/my_app-master/config/initializers/mime_types.rb": [
        null,
        null,
        null,
        null
      ],
      "/home/amura/Downloads/my_app-master/config/initializers/session_store.rb": [
        null,
        null,
        1
      ],
      "/home/amura/Downloads/my_app-master/config/initializers/to_time_preserves_timezone.rb": [
        null,
        null,
        null,
        null,
        null,
        null,
        null,
        null,
        null,
        1
      ],
      "/home/amura/Downloads/my_app-master/config/initializers/wrap_parameters.rb": [
        null,
        null,
        null,
        null,
        null,
        null,
        1,
        1,
        null,
        null,
        null,
        null,
        null,
        null
      ],
      "/home/amura/Downloads/my_app-master/spec/factories/user_factory.rb": [
        1,
        1,
        1,
        1,
        null,
        null
      ],
      "/home/amura/Downloads/my_app-master/config/routes.rb": [
        1,
        1,
        1,
        null,
        null,
        null,
        null,
        null,
        null,
        null,
        null,
        null,
        null,
        null,
        null,
        null,
        null,
        null,
        null,
        null,
        null,
        null,
        null,
        null,
        null,
        null,
        null,
        null,
        null,
        null,
        null,
        null,
        null,
        null,
        null,
        null,
        null,
        null,
        null,
        null,
        null,
        null,
        null,
        null,
        null,
        null,
        null,
        null,
        null,
        null,
        null,
        null,
        null,
        null,
        null,
        null,
        null,
        null
      ],
      "/home/amura/Downloads/my_app-master/app/helpers/application_helper.rb": [
        1,
        null
      ],
      "/home/amura/Downloads/my_app-master/app/helpers/microposts_helper.rb": [
        1,
        null
      ],
      "/home/amura/Downloads/my_app-master/app/helpers/ruby_win_sources_helper.rb": [
        1,
        null
      ],
      "/home/amura/Downloads/my_app-master/app/helpers/users_helper.rb": [
        1,
        null
      ],
      "/home/amura/Downloads/my_app-master/app/controllers/users_controller.rb": [
        1,
        null,
        1,
        null,
        1,
        1,
        null,
        null,
        1,
        3,
        null,
        null,
        1,
        1,
        1,
        0,
        null,
        1,
        null,
        null,
        null,
        1,
        null,
        null,
        1,
        0,
        0,
        null,
        0,
        null,
        null,
        null,
        1,
        1,
        null,
        null,
        null,
        null,
        null,
        null,
        null
      ],
      "/home/amura/Downloads/my_app-master/app/controllers/application_controller.rb": [
        1,
        1,
        0,
        null,
        null,
        null,
        1,
        null
      ],
      "/home/amura/Downloads/my_app-master/app/models/user.rb": [
        1,
        1,
        1,
        1,
        1,
        null
      ]
    },
    "timestamp": 1601473149
  }
}
